  [1m[35m (102.2ms)[0m  [1m[35mCREATE DATABASE "lords_mobile_tracker_api_development" ENCODING = 'unicode' /*application='LordsMobileTrackerApi'*/[0m
  [1m[35mSQL (0.2ms)[0m  [1m[35mSET search_path TO public /*application='LordsMobileTrackerApi'*/[0m
  [1m[35m (196.8ms)[0m  [1m[35mCREATE DATABASE "lords_mobile_tracker_api_development" ENCODING = 'unicode' /*application='LordsMobileTrackerApi'*/[0m
  [1m[35mSQL (0.0ms)[0m  [1m[35mSET search_path TO public /*application='LordsMobileTrackerApi'*/[0m
  [1m[35m (111.2ms)[0m  [1m[35mCREATE DATABASE "lords_mobile_tracker_api_test" ENCODING = 'unicode' /*application='LordsMobileTrackerApi'*/[0m
  [1m[35m (15.5ms)[0m  [1m[35mCREATE TABLE "schema_migrations" ("version" character varying NOT NULL PRIMARY KEY) /*application='LordsMobileTrackerApi'*/[0m
  [1m[35m (3.0ms)[0m  [1m[35mCREATE TABLE "ar_internal_metadata" ("key" character varying NOT NULL PRIMARY KEY, "value" character varying, "created_at" timestamp(6) NOT NULL, "updated_at" timestamp(6) NOT NULL) /*application='LordsMobileTrackerApi'*/[0m
  [1m[35m (0.4ms)[0m  [1m[34mSELECT pg_try_advisory_lock(4243979116690605705) /*application='LordsMobileTrackerApi'*/[0m
  [1m[36mActiveRecord::SchemaMigration Load (0.9ms)[0m  [1m[34mSELECT "schema_migrations"."version" FROM "schema_migrations" ORDER BY "schema_migrations"."version" ASC /*application='LordsMobileTrackerApi'*/[0m
  [1m[36mActiveRecord::InternalMetadata Load (1.4ms)[0m  [1m[34mSELECT * FROM "ar_internal_metadata" WHERE "ar_internal_metadata"."key" = 'environment' ORDER BY "ar_internal_metadata"."key" ASC LIMIT 1 /*application='LordsMobileTrackerApi'*/[0m
  [1m[36mActiveRecord::InternalMetadata Create (1.5ms)[0m  [1m[32mINSERT INTO "ar_internal_metadata" ("key", "value", "created_at", "updated_at") VALUES ('environment', 'development', '2026-05-05 01:54:33.584712', '2026-05-05 01:54:33.584715') RETURNING "key" /*application='LordsMobileTrackerApi'*/[0m
  [1m[35m (0.1ms)[0m  [1m[34mSELECT pg_advisory_unlock(4243979116690605705) /*application='LordsMobileTrackerApi'*/[0m
  [1m[36mActiveRecord::SchemaMigration Load (0.1ms)[0m  [1m[34mSELECT "schema_migrations"."version" FROM "schema_migrations" ORDER BY "schema_migrations"."version" ASC /*application='LordsMobileTrackerApi'*/[0m
  [1m[35mSQL (0.1ms)[0m  [1m[35mSET search_path TO public /*application='LordsMobileTrackerApi'*/[0m
  [1m[35mSQL (0.1ms)[0m  [1m[35mSET search_path TO "$user", public /*application='LordsMobileTrackerApi'*/[0m
  [1m[35mSQL (0.0ms)[0m  [1m[35mSET search_path TO public /*application='LordsMobileTrackerApi'*/[0m
  [1m[35mSQL (0.1ms)[0m  [1m[35mSET search_path TO "$user", public /*application='LordsMobileTrackerApi'*/[0m
Started GET "/" for 127.0.0.1 at 2026-05-04 22:54:42 -0300
  [1m[36mActiveRecord::SchemaMigration Load (1.1ms)[0m  [1m[34mSELECT "schema_migrations"."version" FROM "schema_migrations" ORDER BY "schema_migrations"."version" ASC /*application='LordsMobileTrackerApi'*/[0m
Processing by Rails::WelcomeController#index as HTML
  Rendering /Users/macbookair/.rbenv/versions/3.2.2/lib/ruby/gems/3.2.0/gems/railties-8.1.3/lib/rails/templates/rails/welcome/index.html.erb
  Rendered /Users/macbookair/.rbenv/versions/3.2.2/lib/ruby/gems/3.2.0/gems/railties-8.1.3/lib/rails/templates/rails/welcome/index.html.erb (Duration: 0.8ms | GC: 0.5ms)
Completed 200 OK in 26ms (Views: 7.1ms | ActiveRecord: 0.0ms (0 queries, 0 cached) | GC: 9.4ms)


Started GET "/icon.png" for 127.0.0.1 at 2026-05-04 22:54:42 -0300
  
ActionController::RoutingError (No route matches [GET] "/icon.png"):
  
Generating image variants require the image_processing gem. Please add `gem "image_processing", "~> 1.2"` to your Gemfile or set `config.active_storage.variant_processor = :disabled`.
Generating image variants require the image_processing gem. Please add `gem "image_processing", "~> 1.2"` to your Gemfile or set `config.active_storage.variant_processor = :disabled`.
Started GET "/" for 127.0.0.1 at 2026-05-05 20:53:36 -0300
  [1m[36mActiveRecord::SchemaMigration Load (3.1ms)[0m  [1m[34mSELECT "schema_migrations"."version" FROM "schema_migrations" ORDER BY "schema_migrations"."version" ASC /*application='LordsMobileTrackerApi'*/[0m
Processing by Rails::WelcomeController#index as HTML
  Rendering /Users/macbookair/.rbenv/versions/3.2.2/lib/ruby/gems/3.2.0/gems/railties-8.1.3/lib/rails/templates/rails/welcome/index.html.erb
  Rendered /Users/macbookair/.rbenv/versions/3.2.2/lib/ruby/gems/3.2.0/gems/railties-8.1.3/lib/rails/templates/rails/welcome/index.html.erb (Duration: 0.4ms | GC: 0.0ms)
Completed 200 OK in 9ms (Views: 2.2ms | ActiveRecord: 0.0ms (0 queries, 0 cached) | GC: 0.1ms)


Started GET "/icon.png" for 127.0.0.1 at 2026-05-05 20:53:36 -0300
  
ActionController::RoutingError (No route matches [GET] "/icon.png"):
  
Generating image variants require the image_processing gem. Please add `gem "image_processing", "~> 1.2"` to your Gemfile or set `config.active_storage.variant_processor = :disabled`.
Started GET "/" for 127.0.0.1 at 2026-05-05 21:04:46 -0300
  [1m[36mActiveRecord::SchemaMigration Load (2.0ms)[0m  [1m[34mSELECT "schema_migrations"."version" FROM "schema_migrations" ORDER BY "schema_migrations"."version" ASC /*application='LordsMobileTrackerApi'*/[0m
Processing by Rails::WelcomeController#index as HTML
  Rendering /Users/macbookair/.rbenv/versions/3.2.2/lib/ruby/gems/3.2.0/gems/railties-8.1.3/lib/rails/templates/rails/welcome/index.html.erb
  Rendered /Users/macbookair/.rbenv/versions/3.2.2/lib/ruby/gems/3.2.0/gems/railties-8.1.3/lib/rails/templates/rails/welcome/index.html.erb (Duration: 0.6ms | GC: 0.0ms)
Completed 200 OK in 8ms (Views: 2.7ms | ActiveRecord: 0.0ms (0 queries, 0 cached) | GC: 0.0ms)


Generating image variants require the image_processing gem. Please add `gem "image_processing", "~> 1.2"` to your Gemfile or set `config.active_storage.variant_processor = :disabled`.
Started GET "/" for 127.0.0.1 at 2026-05-05 21:23:36 -0300
  [1m[36mActiveRecord::SchemaMigration Load (1.5ms)[0m  [1m[34mSELECT "schema_migrations"."version" FROM "schema_migrations" ORDER BY "schema_migrations"."version" ASC /*application='LordsMobileTrackerApi'*/[0m
Processing by Rails::WelcomeController#index as HTML
  Rendering /Users/macbookair/.rbenv/versions/3.2.2/lib/ruby/gems/3.2.0/gems/railties-8.1.3/lib/rails/templates/rails/welcome/index.html.erb
  Rendered /Users/macbookair/.rbenv/versions/3.2.2/lib/ruby/gems/3.2.0/gems/railties-8.1.3/lib/rails/templates/rails/welcome/index.html.erb (Duration: 0.4ms | GC: 0.0ms)
Completed 200 OK in 9ms (Views: 5.1ms | ActiveRecord: 0.0ms (0 queries, 0 cached) | GC: 0.0ms)


Generating image variants require the image_processing gem. Please add `gem "image_processing", "~> 1.2"` to your Gemfile or set `config.active_storage.variant_processor = :disabled`.
Generating image variants require the image_processing gem. Please add `gem "image_processing", "~> 1.2"` to your Gemfile or set `config.active_storage.variant_processor = :disabled`.
Generating image variants require the image_processing gem. Please add `gem "image_processing", "~> 1.2"` to your Gemfile or set `config.active_storage.variant_processor = :disabled`.
  [1m[35m (0.7ms)[0m  [1m[34mSELECT pg_try_advisory_lock(4243979116690605705) /*application='LordsMobileTrackerApi'*/[0m
  [1m[36mActiveRecord::SchemaMigration Load (2.0ms)[0m  [1m[34mSELECT "schema_migrations"."version" FROM "schema_migrations" ORDER BY "schema_migrations"."version" ASC /*application='LordsMobileTrackerApi'*/[0m
  [1m[36mActiveRecord::InternalMetadata Load (4.2ms)[0m  [1m[34mSELECT * FROM "ar_internal_metadata" WHERE "ar_internal_metadata"."key" = 'environment' ORDER BY "ar_internal_metadata"."key" ASC LIMIT 1 /*application='LordsMobileTrackerApi'*/[0m
Migrating to CreateUsers (20260506005542)
  [1m[36mTRANSACTION (0.1ms)[0m  [1m[35mBEGIN /*application='LordsMobileTrackerApi'*/[0m
  [1m[35m (32.2ms)[0m  [1m[35mCREATE TABLE "users" ("id" bigserial primary key, "email" character varying, "password_digest" character varying, "timezone" character varying, "display_name" character varying, "created_at" timestamp(6) NOT NULL, "updated_at" timestamp(6) NOT NULL) /*application='LordsMobileTrackerApi'*/[0m
  [1m[35m (1.4ms)[0m  [1m[35mCREATE UNIQUE INDEX "index_users_on_email" ON "users" ("email") /*application='LordsMobileTrackerApi'*/[0m
  [1m[36mActiveRecord::SchemaMigration Create (1.9ms)[0m  [1m[32mINSERT INTO "schema_migrations" ("version") VALUES ('20260506005542') RETURNING "version" /*application='LordsMobileTrackerApi'*/[0m
  [1m[36mTRANSACTION (0.8ms)[0m  [1m[35mCOMMIT /*application='LordsMobileTrackerApi'*/[0m
  [1m[35m (0.8ms)[0m  [1m[34mSELECT pg_advisory_unlock(4243979116690605705) /*application='LordsMobileTrackerApi'*/[0m
  [1m[36mActiveRecord::SchemaMigration Load (0.2ms)[0m  [1m[34mSELECT "schema_migrations"."version" FROM "schema_migrations" ORDER BY "schema_migrations"."version" ASC /*application='LordsMobileTrackerApi'*/[0m
  [1m[35mSQL (0.1ms)[0m  [1m[35mSET search_path TO public /*application='LordsMobileTrackerApi'*/[0m
  [1m[35mSQL (0.1ms)[0m  [1m[35mSET search_path TO "$user", public /*application='LordsMobileTrackerApi'*/[0m
  [1m[35mSQL (0.1ms)[0m  [1m[35mSET search_path TO public /*application='LordsMobileTrackerApi'*/[0m
  [1m[35mSQL (0.1ms)[0m  [1m[35mSET search_path TO "$user", public /*application='LordsMobileTrackerApi'*/[0m
Started GET "/" for 127.0.0.1 at 2026-05-06 00:12:25 -0300
  [1m[36mActiveRecord::SchemaMigration Load (1.5ms)[0m  [1m[34mSELECT "schema_migrations"."version" FROM "schema_migrations" ORDER BY "schema_migrations"."version" ASC /*application='LordsMobileTrackerApi'*/[0m
Processing by Rails::WelcomeController#index as HTML
  Rendering /Users/macbookair/.rbenv/versions/3.2.2/lib/ruby/gems/3.2.0/gems/railties-8.1.3/lib/rails/templates/rails/welcome/index.html.erb
  Rendered /Users/macbookair/.rbenv/versions/3.2.2/lib/ruby/gems/3.2.0/gems/railties-8.1.3/lib/rails/templates/rails/welcome/index.html.erb (Duration: 1.2ms | GC: 0.2ms)
Completed 200 OK in 6ms (Views: 4.4ms | ActiveRecord: 0.0ms (0 queries, 0 cached) | GC: 0.2ms)


Started GET "/.well-known/appspecific/com.chrome.devtools.json" for 127.0.0.1 at 2026-05-06 00:12:27 -0300
  
ActionController::RoutingError (No route matches [GET] "/.well-known/appspecific/com.chrome.devtools.json"):
  
Started GET "/" for 127.0.0.1 at 2026-05-06 00:12:31 -0300
Processing by Rails::WelcomeController#index as HTML
  Rendering /Users/macbookair/.rbenv/versions/3.2.2/lib/ruby/gems/3.2.0/gems/railties-8.1.3/lib/rails/templates/rails/welcome/index.html.erb
  Rendered /Users/macbookair/.rbenv/versions/3.2.2/lib/ruby/gems/3.2.0/gems/railties-8.1.3/lib/rails/templates/rails/welcome/index.html.erb (Duration: 0.0ms | GC: 0.0ms)
Completed 200 OK in 1ms (Views: 0.7ms | ActiveRecord: 0.0ms (0 queries, 0 cached) | GC: 0.0ms)


Started GET "/.well-known/appspecific/com.chrome.devtools.json" for 127.0.0.1 at 2026-05-06 00:12:31 -0300
  
ActionController::RoutingError (No route matches [GET] "/.well-known/appspecific/com.chrome.devtools.json"):
  
Started GET "/" for 127.0.0.1 at 2026-05-06 00:12:34 -0300
Processing by Rails::WelcomeController#index as HTML
  Rendering /Users/macbookair/.rbenv/versions/3.2.2/lib/ruby/gems/3.2.0/gems/railties-8.1.3/lib/rails/templates/rails/welcome/index.html.erb
  Rendered /Users/macbookair/.rbenv/versions/3.2.2/lib/ruby/gems/3.2.0/gems/railties-8.1.3/lib/rails/templates/rails/welcome/index.html.erb (Duration: 0.1ms | GC: 0.0ms)
Completed 200 OK in 1ms (Views: 0.5ms | ActiveRecord: 0.0ms (0 queries, 0 cached) | GC: 0.0ms)


Started GET "/.well-known/appspecific/com.chrome.devtools.json" for 127.0.0.1 at 2026-05-06 00:12:34 -0300
  
ActionController::RoutingError (No route matches [GET] "/.well-known/appspecific/com.chrome.devtools.json"):
  
Generating image variants require the image_processing gem. Please add `gem "image_processing", "~> 1.2"` to your Gemfile or set `config.active_storage.variant_processor = :disabled`.
Generating image variants require the image_processing gem. Please add `gem "image_processing", "~> 1.2"` to your Gemfile or set `config.active_storage.variant_processor = :disabled`.
Started GET "/" for 127.0.0.1 at 2026-05-11 22:37:18 -0300
  [1m[36mActiveRecord::SchemaMigration Load (1.7ms)[0m  [1m[34mSELECT "schema_migrations"."version" FROM "schema_migrations" ORDER BY "schema_migrations"."version" ASC /*application='LordsMobileTrackerApi'*/[0m
Processing by Rails::WelcomeController#index as HTML
  Rendering /Users/macbookair/.rbenv/versions/3.2.2/lib/ruby/gems/3.2.0/gems/railties-8.1.3/lib/rails/templates/rails/welcome/index.html.erb
  Rendered /Users/macbookair/.rbenv/versions/3.2.2/lib/ruby/gems/3.2.0/gems/railties-8.1.3/lib/rails/templates/rails/welcome/index.html.erb (Duration: 0.4ms | GC: 0.0ms)
Completed 200 OK in 8ms (Views: 2.7ms | ActiveRecord: 0.0ms (0 queries, 0 cached) | GC: 0.0ms)


Started GET "/icon.png" for 127.0.0.1 at 2026-05-11 22:37:18 -0300
  
ActionController::RoutingError (No route matches [GET] "/icon.png"):
  
Started POST "/api/v1/signup" for 127.0.0.1 at 2026-05-11 22:43:28 -0300
Processing by Api::V1::RegistrationsController#create as */*
Completed 400 Bad Request in 10ms (ActiveRecord: 0.0ms (0 queries, 0 cached) | GC: 0.9ms)


  
ActionController::ParameterMissing (param is missing or the value is empty or invalid: user):
  
app/controllers/api/v1/registrations_controller.rb:16:in `user_params'
app/controllers/api/v1/registrations_controller.rb:5:in `create'
Started POST "/api/v1/signup" for 127.0.0.1 at 2026-05-11 22:44:33 -0300
Processing by Api::V1::RegistrationsController#create as */*
  Parameters: {"user"=>{"email"=>"[FILTERED]", "password"=>"[FILTERED]", "password_confirmation"=>"[FILTERED]", "timezone"=>"Europe/Lisbon", "display_name"=>"Tu"}, "registration"=>{"user"=>{"email"=>"[FILTERED]", "password"=>"[FILTERED]", "password_confirmation"=>"[FILTERED]", "timezone"=>"Europe/Lisbon", "display_name"=>"Tu"}}}
  [1m[36mTRANSACTION (0.1ms)[0m  [1m[35mBEGIN /*action='create',application='LordsMobileTrackerApi',controller='registrations'*/[0m
  ↳ app/controllers/api/v1/registrations_controller.rb:6:in `create'
  [1m[36mUser Exists? (3.2ms)[0m  [1m[34mSELECT 1 AS one FROM "users" WHERE "users"."email" = 'tu@example.com' LIMIT 1 /*action='create',application='LordsMobileTrackerApi',controller='registrations'*/[0m
  ↳ app/controllers/api/v1/registrations_controller.rb:6:in `create'
  [1m[36mUser Create (19.1ms)[0m  [1m[32mINSERT INTO "users" ("email", "password_digest", "timezone", "display_name", "created_at", "updated_at") VALUES ('tu@example.com', '$2a$12$ycD6Jx7NctzH.NEdKNwEMOYrg5SbOmJ7y7z5tmY4SfhiJ8AKjBWnK', 'Europe/Lisbon', 'Tu', '2026-05-12 01:44:33.771078', '2026-05-12 01:44:33.771078') RETURNING "id" /*action='create',application='LordsMobileTrackerApi',controller='registrations'*/[0m
  ↳ app/controllers/api/v1/registrations_controller.rb:6:in `create'
  [1m[36mTRANSACTION (1.2ms)[0m  [1m[35mCOMMIT /*action='create',application='LordsMobileTrackerApi',controller='registrations'*/[0m
  ↳ app/controllers/api/v1/registrations_controller.rb:6:in `create'
Completed 201 Created in 405ms (Views: 0.4ms | ActiveRecord: 71.3ms (2 queries, 0 cached) | GC: 4.3ms)


Started POST "/api/v1/signup" for 127.0.0.1 at 2026-05-11 22:44:50 -0300
Processing by Api::V1::RegistrationsController#create as */*
  Parameters: {"user"=>{"email"=>"[FILTERED]", "password"=>"[FILTERED]", "password_confirmation"=>"[FILTERED]", "timezone"=>"Europe/Lisbon", "display_name"=>"Eu mesma"}, "registration"=>{"user"=>{"email"=>"[FILTERED]", "password"=>"[FILTERED]", "password_confirmation"=>"[FILTERED]", "timezone"=>"Europe/Lisbon", "display_name"=>"Eu mesma"}}}
  [1m[36mTRANSACTION (0.4ms)[0m  [1m[35mBEGIN /*action='create',application='LordsMobileTrackerApi',controller='registrations'*/[0m
  ↳ app/controllers/api/v1/registrations_controller.rb:6:in `create'
  [1m[36mUser Exists? (2.2ms)[0m  [1m[34mSELECT 1 AS one FROM "users" WHERE "users"."email" = 'tu@example.com' LIMIT 1 /*action='create',application='LordsMobileTrackerApi',controller='registrations'*/[0m
  ↳ app/controllers/api/v1/registrations_controller.rb:6:in `create'
  [1m[36mTRANSACTION (0.7ms)[0m  [1m[31mROLLBACK /*action='create',application='LordsMobileTrackerApi',controller='registrations'*/[0m
  ↳ app/controllers/api/v1/registrations_controller.rb:6:in `create'
Completed 422 Unprocessable Content in 278ms (Views: 0.1ms | ActiveRecord: 3.3ms (1 query, 0 cached) | GC: 0.4ms)


Started POST "/api/v1/signup" for 127.0.0.1 at 2026-05-11 22:45:03 -0300
Processing by Api::V1::RegistrationsController#create as */*
  Parameters: {"user"=>{"email"=>"[FILTERED]", "password"=>"[FILTERED]", "password_confirmation"=>"[FILTERED]", "timezone"=>"Europe/Lisbon", "display_name"=>"Eu mesma"}, "registration"=>{"user"=>{"email"=>"[FILTERED]", "password"=>"[FILTERED]", "password_confirmation"=>"[FILTERED]", "timezone"=>"Europe/Lisbon", "display_name"=>"Eu mesma"}}}
  [1m[36mTRANSACTION (0.3ms)[0m  [1m[35mBEGIN /*action='create',application='LordsMobileTrackerApi',controller='registrations'*/[0m
  ↳ app/controllers/api/v1/registrations_controller.rb:6:in `create'
  [1m[36mUser Exists? (2.3ms)[0m  [1m[34mSELECT 1 AS one FROM "users" WHERE "users"."email" = 'eumesma@example.com' LIMIT 1 /*action='create',application='LordsMobileTrackerApi',controller='registrations'*/[0m
  ↳ app/controllers/api/v1/registrations_controller.rb:6:in `create'
  [1m[36mUser Create (0.3ms)[0m  [1m[32mINSERT INTO "users" ("email", "password_digest", "timezone", "display_name", "created_at", "updated_at") VALUES ('eumesma@example.com', '$2a$12$RV.agh7NKTWuTUY3wgZOAePF5SR4ivY/X4vU6adOpawDp2C4aoBCi', 'Europe/Lisbon', 'Eu mesma', '2026-05-12 01:45:03.307406', '2026-05-12 01:45:03.307406') RETURNING "id" /*action='create',application='LordsMobileTrackerApi',controller='registrations'*/[0m
  ↳ app/controllers/api/v1/registrations_controller.rb:6:in `create'
  [1m[36mTRANSACTION (0.6ms)[0m  [1m[35mCOMMIT /*action='create',application='LordsMobileTrackerApi',controller='registrations'*/[0m
  ↳ app/controllers/api/v1/registrations_controller.rb:6:in `create'
Completed 201 Created in 267ms (Views: 0.1ms | ActiveRecord: 3.4ms (2 queries, 0 cached) | GC: 1.0ms)


Started POST "/api/v1/login" for 127.0.0.1 at 2026-05-11 22:54:41 -0300
Processing by Api::V1::SessionsController#create as */*
  Parameters: {"user"=>{"email"=>"[FILTERED]", "password"=>"[FILTERED]", "password_confirmation"=>"[FILTERED]", "timezone"=>"Europe/Lisbon", "display_name"=>"Eu mesma"}, "session"=>{"user"=>{"email"=>"[FILTERED]", "password"=>"[FILTERED]", "password_confirmation"=>"[FILTERED]", "timezone"=>"Europe/Lisbon", "display_name"=>"Eu mesma"}}}
[31mUnpermitted parameters: :user, :session. Context: { controller: Api::V1::SessionsController, action: create, request: #<ActionDispatch::Request:0x000000010f0b1ea8>, params: {"user"=>{"email"=>"[FILTERED]", "password"=>"[FILTERED]", "password_confirmation"=>"[FILTERED]", "timezone"=>"Europe/Lisbon", "display_name"=>"Eu mesma"}, "controller"=>"api/v1/sessions", "action"=>"create", "session"=>{"user"=>{"email"=>"[FILTERED]", "password"=>"[FILTERED]", "password_confirmation"=>"[FILTERED]", "timezone"=>"Europe/Lisbon", "display_name"=>"Eu mesma"}}} }[0m
  [1m[36mUser Load (1.5ms)[0m  [1m[34mSELECT "users".* FROM "users" WHERE "users"."email" = '' LIMIT 1 /*action='create',application='LordsMobileTrackerApi',controller='sessions'*/[0m
  ↳ app/controllers/api/v1/sessions_controller.rb:5:in `create'
Completed 401 Unauthorized in 83ms (Views: 0.7ms | ActiveRecord: 19.5ms (1 query, 0 cached) | GC: 19.5ms)


Started POST "/api/v1/login" for 127.0.0.1 at 2026-05-11 22:54:53 -0300
Processing by Api::V1::SessionsController#create as */*
  Parameters: {"email"=>"[FILTERED]", "password"=>"[FILTERED]", "session"=>{"email"=>"[FILTERED]", "password"=>"[FILTERED]"}}
[31mUnpermitted parameter: :session. Context: { controller: Api::V1::SessionsController, action: create, request: #<ActionDispatch::Request:0x000000010ebfa518>, params: {"email"=>"[FILTERED]", "password"=>"[FILTERED]", "controller"=>"api/v1/sessions", "action"=>"create", "session"=>{"email"=>"[FILTERED]", "password"=>"[FILTERED]"}} }[0m
  [1m[36mUser Load (1.7ms)[0m  [1m[34mSELECT "users".* FROM "users" WHERE "users"."email" = 'tu@example.com' LIMIT 1 /*action='create',application='LordsMobileTrackerApi',controller='sessions'*/[0m
  ↳ app/controllers/api/v1/sessions_controller.rb:5:in `create'
[31mUnpermitted parameter: :session. Context: { controller: Api::V1::SessionsController, action: create, request: #<ActionDispatch::Request:0x000000010ebfa518>, params: {"email"=>"[FILTERED]", "password"=>"[FILTERED]", "controller"=>"api/v1/sessions", "action"=>"create", "session"=>{"email"=>"[FILTERED]", "password"=>"[FILTERED]"}} }[0m
Completed 200 OK in 280ms (Views: 0.2ms | ActiveRecord: 1.6ms (1 query, 0 cached) | GC: 0.0ms)


Started POST "/api/v1/me" for 127.0.0.1 at 2026-05-11 22:55:23 -0300
  
ActionController::RoutingError (No route matches [POST] "/api/v1/me"):
  
Started GET "/api/v1/me" for 127.0.0.1 at 2026-05-11 22:55:44 -0300
Processing by Api::V1::MeController#show as */*
  Parameters: {"user"=>{"timezone"=>"America/Sao_Paulo", "display_name"=>"Novo nome"}, "me"=>{"user"=>{"timezone"=>"America/Sao_Paulo", "display_name"=>"Novo nome"}}}
Filter chain halted as :authenticate_user! rendered or redirected
Completed 401 Unauthorized in 1ms (Views: 0.4ms | ActiveRecord: 0.0ms (0 queries, 0 cached) | GC: 0.0ms)


Started GET "/api/v1/me" for 127.0.0.1 at 2026-05-11 22:58:33 -0300
Error occurred while parsing request parameters.
Contents:

Authorization: Bearer <$2a$12$ycD6Jx7NctzH.NEdKNwEMOYrg5SbOmJ7y7z5tmY4SfhiJ8AKjBWnK>
Processing by Api::V1::MeController#show as */*
Filter chain halted as :authenticate_user! rendered or redirected
Completed 401 Unauthorized in 2ms (Views: 0.3ms | ActiveRecord: 0.0ms (0 queries, 0 cached) | GC: 0.0ms)


Started GET "/api/v1/me" for 127.0.0.1 at 2026-05-11 22:58:33 -0300
Error occurred while parsing request parameters.
Contents:

Authorization: Bearer <$2a$12$ycD6Jx7NctzH.NEdKNwEMOYrg5SbOmJ7y7z5tmY4SfhiJ8AKjBWnK>
Processing by Api::V1::MeController#show as */*
Filter chain halted as :authenticate_user! rendered or redirected
Completed 401 Unauthorized in 0ms (Views: 0.2ms | ActiveRecord: 0.0ms (0 queries, 0 cached) | GC: 0.0ms)


Started GET "/api/v1/me" for 127.0.0.1 at 2026-05-11 22:58:43 -0300
Error occurred while parsing request parameters.
Contents:

Authorization: Bearer <$2a$12$ycD6Jx7NctzHNEdKNwEMOYrg5SbOmJ7y7z5tmY4SfhiJ8AKjBWnK>
Processing by Api::V1::MeController#show as */*
Filter chain halted as :authenticate_user! rendered or redirected
Completed 401 Unauthorized in 1ms (Views: 0.2ms | ActiveRecord: 0.0ms (0 queries, 0 cached) | GC: 0.0ms)


Started GET "/api/v1/me" for 127.0.0.1 at 2026-05-11 22:58:43 -0300
Error occurred while parsing request parameters.
Contents:

Authorization: Bearer <$2a$12$ycD6Jx7NctzHNEdKNwEMOYrg5SbOmJ7y7z5tmY4SfhiJ8AKjBWnK>
Processing by Api::V1::MeController#show as */*
Filter chain halted as :authenticate_user! rendered or redirected
Completed 401 Unauthorized in 0ms (Views: 0.1ms | ActiveRecord: 0.0ms (0 queries, 0 cached) | GC: 0.0ms)


Started POST "/api/v1/signup" for 127.0.0.1 at 2026-05-11 23:00:15 -0300
Processing by Api::V1::RegistrationsController#create as */*
  Parameters: {"user"=>{"email"=>"[FILTERED]", "password"=>"[FILTERED]", "password_confirmation"=>"[FILTERED]", "timezone"=>"Europe/Lisbon", "display_name"=>"Tu"}, "registration"=>{"user"=>{"email"=>"[FILTERED]", "password"=>"[FILTERED]", "password_confirmation"=>"[FILTERED]", "timezone"=>"Europe/Lisbon", "display_name"=>"Tu"}}}
  [1m[36mTRANSACTION (0.1ms)[0m  [1m[35mBEGIN /*action='create',application='LordsMobileTrackerApi',controller='registrations'*/[0m
  ↳ app/controllers/api/v1/registrations_controller.rb:6:in `create'
  [1m[36mUser Exists? (2.8ms)[0m  [1m[34mSELECT 1 AS one FROM "users" WHERE "users"."email" = 'tu@example.com' LIMIT 1 /*action='create',application='LordsMobileTrackerApi',controller='registrations'*/[0m
  ↳ app/controllers/api/v1/registrations_controller.rb:6:in `create'
  [1m[36mTRANSACTION (0.5ms)[0m  [1m[31mROLLBACK /*action='create',application='LordsMobileTrackerApi',controller='registrations'*/[0m
  ↳ app/controllers/api/v1/registrations_controller.rb:6:in `create'
Completed 422 Unprocessable Content in 301ms (Views: 0.2ms | ActiveRecord: 14.4ms (1 query, 0 cached) | GC: 0.5ms)


Started POST "/api/v1/signup" for 127.0.0.1 at 2026-05-11 23:00:22 -0300
Processing by Api::V1::RegistrationsController#create as */*
  Parameters: {"user"=>{"email"=>"[FILTERED]", "password"=>"[FILTERED]", "password_confirmation"=>"[FILTERED]", "timezone"=>"Europe/Lisbon", "display_name"=>"Tu"}, "registration"=>{"user"=>{"email"=>"[FILTERED]", "password"=>"[FILTERED]", "password_confirmation"=>"[FILTERED]", "timezone"=>"Europe/Lisbon", "display_name"=>"Tu"}}}
  [1m[36mTRANSACTION (0.4ms)[0m  [1m[35mBEGIN /*action='create',application='LordsMobileTrackerApi',controller='registrations'*/[0m
  ↳ app/controllers/api/v1/registrations_controller.rb:6:in `create'
  [1m[36mUser Exists? (1.5ms)[0m  [1m[34mSELECT 1 AS one FROM "users" WHERE "users"."email" = 't22u@example.com' LIMIT 1 /*action='create',application='LordsMobileTrackerApi',controller='registrations'*/[0m
  ↳ app/controllers/api/v1/registrations_controller.rb:6:in `create'
  [1m[36mUser Create (4.1ms)[0m  [1m[32mINSERT INTO "users" ("email", "password_digest", "timezone", "display_name", "created_at", "updated_at") VALUES ('t22u@example.com', '$2a$12$g8Gc57NEql6Ok5keF0/jU.ulF6yM58xYKknh4ZQtOZ4Vo6hMfRxlK', 'Europe/Lisbon', 'Tu', '2026-05-12 02:00:23.001042', '2026-05-12 02:00:23.001042') RETURNING "id" /*action='create',application='LordsMobileTrackerApi',controller='registrations'*/[0m
  ↳ app/controllers/api/v1/registrations_controller.rb:6:in `create'
  [1m[36mTRANSACTION (0.9ms)[0m  [1m[35mCOMMIT /*action='create',application='LordsMobileTrackerApi',controller='registrations'*/[0m
  ↳ app/controllers/api/v1/registrations_controller.rb:6:in `create'
Completed 201 Created in 284ms (Views: 0.3ms | ActiveRecord: 7.0ms (2 queries, 0 cached) | GC: 0.5ms)


Started POST "/api/v1/login" for 127.0.0.1 at 2026-05-11 23:01:00 -0300
Processing by Api::V1::SessionsController#create as */*
  Parameters: {"email"=>"[FILTERED]", "password"=>"[FILTERED]", "session"=>{"email"=>"[FILTERED]", "password"=>"[FILTERED]"}}
[31mUnpermitted parameter: :session. Context: { controller: Api::V1::SessionsController, action: create, request: #<ActionDispatch::Request:0x000000010e089300>, params: {"email"=>"[FILTERED]", "password"=>"[FILTERED]", "controller"=>"api/v1/sessions", "action"=>"create", "session"=>{"email"=>"[FILTERED]", "password"=>"[FILTERED]"}} }[0m
  [1m[36mUser Load (1.0ms)[0m  [1m[34mSELECT "users".* FROM "users" WHERE "users"."email" = 'tu@example.com' LIMIT 1 /*action='create',application='LordsMobileTrackerApi',controller='sessions'*/[0m
  ↳ app/controllers/api/v1/sessions_controller.rb:5:in `create'
[31mUnpermitted parameter: :session. Context: { controller: Api::V1::SessionsController, action: create, request: #<ActionDispatch::Request:0x000000010e089300>, params: {"email"=>"[FILTERED]", "password"=>"[FILTERED]", "controller"=>"api/v1/sessions", "action"=>"create", "session"=>{"email"=>"[FILTERED]", "password"=>"[FILTERED]"}} }[0m
Completed 200 OK in 447ms (Views: 0.2ms | ActiveRecord: 1.0ms (1 query, 0 cached) | GC: 0.0ms)


Started POST "/api/v1/login" for 127.0.0.1 at 2026-05-11 23:01:30 -0300
Processing by Api::V1::SessionsController#create as */*
  Parameters: {"email"=>"[FILTERED]", "password"=>"[FILTERED]", "session"=>{"email"=>"[FILTERED]", "password"=>"[FILTERED]"}}
[31mUnpermitted parameter: :session. Context: { controller: Api::V1::SessionsController, action: create, request: #<ActionDispatch::Request:0x000000010de242e0>, params: {"email"=>"[FILTERED]", "password"=>"[FILTERED]", "controller"=>"api/v1/sessions", "action"=>"create", "session"=>{"email"=>"[FILTERED]", "password"=>"[FILTERED]"}} }[0m
  [1m[36mUser Load (0.4ms)[0m  [1m[34mSELECT "users".* FROM "users" WHERE "users"."email" = 'tu@example.com' LIMIT 1 /*action='create',application='LordsMobileTrackerApi',controller='sessions'*/[0m
  ↳ app/controllers/api/v1/sessions_controller.rb:5:in `create'
[31mUnpermitted parameter: :session. Context: { controller: Api::V1::SessionsController, action: create, request: #<ActionDispatch::Request:0x000000010de242e0>, params: {"email"=>"[FILTERED]", "password"=>"[FILTERED]", "controller"=>"api/v1/sessions", "action"=>"create", "session"=>{"email"=>"[FILTERED]", "password"=>"[FILTERED]"}} }[0m
Completed 401 Unauthorized in 270ms (Views: 0.1ms | ActiveRecord: 0.4ms (1 query, 0 cached) | GC: 0.4ms)


Started GET "/api/v1/me" for 127.0.0.1 at 2026-05-11 23:01:57 -0300
Processing by Api::V1::MeController#show as */*
Filter chain halted as :authenticate_user! rendered or redirected
Completed 401 Unauthorized in 1ms (Views: 0.3ms | ActiveRecord: 0.0ms (0 queries, 0 cached) | GC: 0.0ms)


Started GET "/api/v1/me" for 127.0.0.1 at 2026-05-11 23:03:12 -0300
Processing by Api::V1::MeController#show as */*
Filter chain halted as :authenticate_user! rendered or redirected
Completed 401 Unauthorized in 5ms (Views: 0.7ms | ActiveRecord: 0.0ms (0 queries, 0 cached) | GC: 0.0ms)


Started GET "/api/v1/me" for 127.0.0.1 at 2026-05-11 23:03:46 -0300
Processing by Api::V1::MeController#show as */*
Filter chain halted as :authenticate_user! rendered or redirected
Completed 401 Unauthorized in 0ms (Views: 0.1ms | ActiveRecord: 0.0ms (0 queries, 0 cached) | GC: 0.0ms)


Started GET "/api/v1/me" for 127.0.0.1 at 2026-05-11 23:06:57 -0300
Processing by Api::V1::MeController#show as */*
  [1m[36mUser Load (33.6ms)[0m  [1m[34mSELECT "users".* FROM "users" WHERE "users"."id" = 3 LIMIT 1 /*action='show',application='LordsMobileTrackerApi',controller='me'*/[0m
  ↳ app/controllers/concerns/authenticable.rb:19:in `current_user'
Completed 200 OK in 45ms (Views: 0.2ms | ActiveRecord: 49.6ms (1 query, 0 cached) | GC: 0.9ms)


Started PATCH "/api/v1/me" for 127.0.0.1 at 2026-05-11 23:07:23 -0300
Processing by Api::V1::MeController#update as */*
  Parameters: {"user"=>{"timezone"=>"America/Sao_Paulo", "display_name"=>"Novo nome"}, "me"=>{"user"=>{"timezone"=>"America/Sao_Paulo", "display_name"=>"Novo nome"}}}
Filter chain halted as :authenticate_user! rendered or redirected
Completed 401 Unauthorized in 1ms (Views: 0.3ms | ActiveRecord: 0.0ms (0 queries, 0 cached) | GC: 0.0ms)


Generating image variants require the image_processing gem. Please add `gem "image_processing", "~> 1.2"` to your Gemfile or set `config.active_storage.variant_processor = :disabled`.
Generating image variants require the image_processing gem. Please add `gem "image_processing", "~> 1.2"` to your Gemfile or set `config.active_storage.variant_processor = :disabled`.
